<?xml version="1.0" encoding="UTF-8"?>
<!-- Generated by org.testng.reporters.JUnitReportReporter -->
<testsuite hostname="DESKTOP-2FD0K7O" failures="0" tests="3" name="pagescrolldownup.PageScrollDownUp" time="46.892" errors="0" timestamp="2024-12-28T11:56:43 IST" skipped="2">
  <testcase classname="pagescrolldownup.PageScrollDownUp" name="identifylocatorelement" time="46.892"/>
  <system-out/>
  <testcase classname="pagescrolldownup.PageScrollDownUp" name="scrolldown">
    <skipped/>
  </testcase> <!-- scrolldown -->
  <system-out/>
  <testcase classname="pagescrolldownup.PageScrollDownUp" name="scrollup">
    <skipped/>
  </testcase> <!-- scrollup -->
  <system-out/>
</testsuite> <!-- pagescrolldownup.PageScrollDownUp -->
