<?xml version="1.0" encoding="UTF-8"?>
<!-- Generated by org.testng.reporters.JUnitReportReporter -->
<testsuite hostname="DESKTOP-2FD0K7O" failures="0" tests="1" name="waitcommands.WaitCommands" time="2.246" errors="0" timestamp="2024-12-31T06:37:49 IST" skipped="0">
  <testcase classname="waitcommands.WaitCommands" name="implicitywait" time="2.246"/>
  <system-out/>
</testsuite> <!-- waitcommands.WaitCommands -->
