<?xml version="1.0" encoding="UTF-8"?>
<!-- Generated by org.testng.reporters.JUnitReportReporter -->
<testsuite hostname="DESKTOP-2FD0K7O" failures="0" tests="1" name="framefeature.IframeAutomation" time="34.834" errors="0" timestamp="2024-12-28T15:54:39 IST" skipped="0">
  <testcase classname="framefeature.IframeAutomation" name="framesapplication" time="34.834"/>
  <system-out/>
</testsuite> <!-- framefeature.IframeAutomation -->
