<?xml version="1.0" encoding="UTF-8"?>
<!-- Generated by org.testng.reporters.JUnitReportReporter -->
<testsuite hostname="DESKTOP-2FD0K7O" failures="0" tests="1" name="actionsclassprograms.AlertBoxOkCancleTextSend" time="4.871" errors="0" timestamp="2024-12-26T22:35:36 IST" skipped="0">
  <testcase classname="actionsclassprograms.AlertBoxOkCancleTextSend" name="doubleClickonwebelement" time="4.871"/>
  <system-out/>
</testsuite> <!-- actionsclassprograms.AlertBoxOkCancleTextSend -->
