<?xml version="1.0" encoding="UTF-8"?>
<!-- Generated by org.testng.reporters.JUnitReportReporter -->
<testsuite hostname="DESKTOP-2FD0K7O" failures="0" tests="2" name="testng.TestNG_2_skip_ignore_order2" time="15.969" errors="0" timestamp="2024-12-20T17:51:03 IST" skipped="0">
  <testcase classname="testng.TestNG_2_skip_ignore_order2" name="selenium" time="5.802"/>
  <system-out/>
  <testcase classname="testng.TestNG_2_skip_ignore_order2" name="html" time="10.167"/>
  <system-out/>
</testsuite> <!-- testng.TestNG_2_skip_ignore_order2 -->
