<?xml version="1.0" encoding="UTF-8"?>
<!-- Generated by org.testng.reporters.JUnitReportReporter -->
<testsuite hostname="DESKTOP-2FD0K7O" failures="0" tests="1" name="screenshot.TimeFormateScreenshot" time="8.666" errors="0" timestamp="2024-12-31T14:00:12 IST" skipped="0">
  <testcase classname="screenshot.TimeFormateScreenshot" name="Screenshort" time="8.666"/>
  <system-out/>
</testsuite> <!-- screenshot.TimeFormateScreenshot -->
