<?xml version="1.0" encoding="UTF-8"?>
<!-- Generated by org.testng.reporters.JUnitReportReporter -->
<testsuite hostname="DESKTOP-2FD0K7O" failures="0" tests="4" name="actionsclassprograms.RightDoubleDragMouseKey" time="2.583" errors="0" timestamp="2024-12-31T06:30:13 IST" skipped="3">
  <testcase classname="actionsclassprograms.RightDoubleDragMouseKey" name="mouseHover" time="2.583"/>
  <system-out/>
  <testcase classname="actionsclassprograms.RightDoubleDragMouseKey" name="keyboardkeys">
    <skipped/>
  </testcase> <!-- keyboardkeys -->
  <system-out/>
  <testcase classname="actionsclassprograms.RightDoubleDragMouseKey" name="rightClick">
    <skipped/>
  </testcase> <!-- rightClick -->
  <system-out/>
  <testcase classname="actionsclassprograms.RightDoubleDragMouseKey" name="doubleClickonwebelement">
    <skipped/>
  </testcase> <!-- doubleClickonwebelement -->
  <system-out/>
</testsuite> <!-- actionsclassprograms.RightDoubleDragMouseKey -->
