<?xml version="1.0" encoding="UTF-8"?>
<!-- Generated by org.testng.reporters.JUnitReportReporter -->
<testsuite hostname="DESKTOP-2FD0K7O" failures="0" tests="3" name="alertwindowhandles.AlertBoxOkCancleTextSend" time="30.012" errors="0" timestamp="2024-12-28T07:26:52 IST" skipped="2">
  <testcase classname="alertwindowhandles.AlertBoxOkCancleTextSend" name="alertsendtextokbutton2" time="30.012"/>
  <system-out/>
  <testcase classname="alertwindowhandles.AlertBoxOkCancleTextSend" name="alertcanclebutton">
    <skipped/>
  </testcase> <!-- alertcanclebutton -->
  <system-out/>
  <testcase classname="alertwindowhandles.AlertBoxOkCancleTextSend" name="alertokbutton">
    <skipped/>
  </testcase> <!-- alertokbutton -->
  <system-out/>
</testsuite> <!-- alertwindowhandles.AlertBoxOkCancleTextSend -->
