<?xml version="1.0" encoding="UTF-8"?>
<!-- Generated by org.testng.reporters.JUnitReportReporter -->
<testsuite hostname="DESKTOP-2FD0K7O" failures="0" tests="1" name="demotestng.TestNGDemo" time="3.360" errors="0" timestamp="2024-12-26T21:08:47 IST" skipped="0">
  <testcase classname="demotestng.TestNGDemo" name="zomato" time="3.360"/>
  <system-out/>
</testsuite> <!-- demotestng.TestNGDemo -->
