<?xml version="1.0" encoding="UTF-8"?>
<!-- Generated by org.testng.reporters.JUnitReportReporter -->
<testsuite hostname="DESKTOP-2FD0K7O" failures="0" tests="1" name="screenshot.Selectedlocator" time="4.095" errors="0" timestamp="2024-12-31T13:35:13 IST" skipped="0">
  <testcase classname="screenshot.Selectedlocator" name="screenshot" time="4.095"/>
  <system-out/>
</testsuite> <!-- screenshot.Selectedlocator -->
