<?xml version="1.0" encoding="UTF-8"?>
<!-- Generated by org.testng.reporters.JUnitReportReporter -->
<testsuite hostname="DESKTOP-2FD0K7O" failures="0" tests="1" name="sikuli.SikuliWebAutomation" time="47.772" errors="0" timestamp="2024-12-28T10:51:56 IST" skipped="0">
  <testcase classname="sikuli.SikuliWebAutomation" name="websikuliautomation" time="47.772"/>
  <system-out/>
</testsuite> <!-- sikuli.SikuliWebAutomation -->
