<?xml version="1.0" encoding="UTF-8"?>
<!-- Generated by org.testng.reporters.JUnitReportReporter -->
<testsuite hostname="DESKTOP-2FD0K7O" failures="0" tests="6" name="testng.TestNG_2_Alphbetic_order2" time="68.743" errors="0" timestamp="2024-12-20T16:37:48 IST" skipped="2">
  <testcase classname="testng.TestNG_2_Alphbetic_order2" name="google" time="7.749"/>
  <system-out/>
  <testcase classname="testng.TestNG_2_Alphbetic_order2" name="facebook" time="4.281"/>
  <system-out/>
  <testcase classname="testng.TestNG_2_Alphbetic_order2" name="redmine" time="5.006"/>
  <system-out/>
  <testcase classname="testng.TestNG_2_Alphbetic_order2" name="gmail" time="51.707"/>
  <system-out/>
  <testcase classname="testng.TestNG_2_Alphbetic_order2" name="selenium">
    <skipped/>
  </testcase> <!-- selenium -->
  <system-out/>
  <testcase classname="testng.TestNG_2_Alphbetic_order2" name="twitter">
    <skipped/>
  </testcase> <!-- twitter -->
  <system-out/>
</testsuite> <!-- testng.TestNG_2_Alphbetic_order2 -->
