<?xml version="1.0" encoding="UTF-8"?>
<!-- Generated by org.testng.reporters.JUnitReportReporter -->
<testsuite hostname="DESKTOP-2FD0K7O" failures="0" tests="4" name="isdisplayedisenabledisselected.VerifyImageTextCheckboxFieldboxes" time="7.128" errors="0" timestamp="2024-12-30T12:03:39 IST" skipped="3">
  <testcase classname="isdisplayedisenabledisselected.VerifyImageTextCheckboxFieldboxes" name="isSelectedMethod2" time="7.128"/>
  <system-out/>
  <testcase classname="isdisplayedisenabledisselected.VerifyImageTextCheckboxFieldboxes" name="isSelectedMethod">
    <skipped/>
  </testcase> <!-- isSelectedMethod -->
  <system-out/>
  <testcase classname="isdisplayedisenabledisselected.VerifyImageTextCheckboxFieldboxes" name="isEnabledMethod">
    <skipped/>
  </testcase> <!-- isEnabledMethod -->
  <system-out/>
  <testcase classname="isdisplayedisenabledisselected.VerifyImageTextCheckboxFieldboxes" name="isDisplayedMethod">
    <skipped/>
  </testcase> <!-- isDisplayedMethod -->
  <system-out/>
</testsuite> <!-- isdisplayedisenabledisselected.VerifyImageTextCheckboxFieldboxes -->
