<?xml version="1.0" encoding="UTF-8"?>
<!-- Generated by org.testng.reporters.JUnitReportReporter -->
<testsuite hostname="DESKTOP-2FD0K7O" failures="0" tests="2" name="testng.TestNG_3_timeout" time="16.775" errors="0" timestamp="2024-12-26T21:08:47 IST" skipped="0">
  <testcase classname="testng.TestNG_3_timeout" name="html" time="8.471"/>
  <system-out/>
  <testcase classname="testng.TestNG_3_timeout" name="selenium" time="8.304"/>
  <system-out/>
</testsuite> <!-- testng.TestNG_3_timeout -->
