<?xml version="1.0" encoding="UTF-8"?>
<!-- Generated by org.testng.reporters.JUnitReportReporter -->
<testsuite hostname="DESKTOP-2FD0K7O" failures="0" tests="1" name="verifytabtitleurltext.VerifyTabURLText" time="27.667" errors="0" timestamp="2024-12-30T15:42:19 IST" skipped="0">
  <testcase classname="verifytabtitleurltext.VerifyTabURLText" name="tabTitle2" time="27.667"/>
  <system-out/>
</testsuite> <!-- verifytabtitleurltext.VerifyTabURLText -->
