<?xml version="1.0" encoding="UTF-8"?>
<!-- Generated by org.testng.reporters.JUnitReportReporter -->
<testsuite hostname="DESKTOP-2FD0K7O" failures="0" tests="2" name="newtabfunctionality.IframeAutomation" time="11.623" errors="0" timestamp="2024-12-28T16:12:00 IST" skipped="1">
  <testcase classname="newtabfunctionality.IframeAutomation" name="newtabcode" time="11.623"/>
  <system-out/>
  <testcase classname="newtabfunctionality.IframeAutomation" name="framesapplication">
    <skipped/>
  </testcase> <!-- framesapplication -->
  <system-out/>
</testsuite> <!-- newtabfunctionality.IframeAutomation -->
