<?xml version="1.0" encoding="UTF-8"?>
<!-- Generated by org.testng.reporters.JUnitReportReporter -->
<testsuite hostname="DESKTOP-2FD0K7O" failures="0" tests="5" name="testng.TestNG_5_Description" time="0.667" errors="0" timestamp="2024-12-26T21:08:47 IST" skipped="3">
  <testcase classname="testng.TestNG_5_Description" name="dm5" time="0.519"/>
  <system-out/>
  <testcase classname="testng.TestNG_5_Description" name="dm6" time="0.148"/>
  <system-out/>
  <testcase classname="testng.TestNG_5_Description" name="dm2">
    <skipped/>
  </testcase> <!-- dm2 -->
  <system-out/>
  <testcase classname="testng.TestNG_5_Description" name="dm7">
    <skipped/>
  </testcase> <!-- dm7 -->
  <system-out/>
  <testcase classname="testng.TestNG_5_Description" name="dm4">
    <skipped/>
  </testcase> <!-- dm4 -->
  <system-out/>
</testsuite> <!-- testng.TestNG_5_Description -->
