<?xml version="1.0" encoding="UTF-8"?>
<!-- Generated by org.testng.reporters.JUnitReportReporter -->
<testsuite hostname="DESKTOP-2FD0K7O" failures="0" tests="2" name="testng.TestNG_1_Alphbetic_order" time="6.665" errors="0" timestamp="2024-12-25T07:45:21 IST" skipped="0">
  <testcase classname="testng.TestNG_1_Alphbetic_order" name="twitter" time="5.541"/>
  <system-out/>
  <testcase classname="testng.TestNG_1_Alphbetic_order" name="facebook" time="1.124"/>
  <system-out/>
</testsuite> <!-- testng.TestNG_1_Alphbetic_order -->
