<?xml version="1.0" encoding="UTF-8"?>
<!-- Generated by org.testng.reporters.JUnitReportReporter -->
<testsuite hostname="DESKTOP-2FD0K7O" failures="0" tests="1" name="log4jtutorials.Log4jDemo" time="7.661" errors="0" timestamp="2024-12-29T08:46:03 IST" skipped="0">
  <testcase classname="log4jtutorials.Log4jDemo" name="googlesearch" time="7.661"/>
  <system-out/>
</testsuite> <!-- log4jtutorials.Log4jDemo -->
